Vivado Simulator 2016.4
Copyright 1986-1999, 2001-2016 Xilinx, Inc. All Rights Reserved.
Running: C:/Xilinx/Vivado/2016.4/bin/unwrapped/win64.o/xelab.exe -wto 51211a0645b348e791b858cf0a1cc901 --debug typical --relax --mt 2 -L xil_defaultlib -L secureip --snapshot test_env_behav xil_defaultlib.test_env -log elaborate.log 
Using 2 slave threads.
Starting static elaboration
Completed static elaboration
Starting simulation data flow analysis
Completed simulation data flow analysis
Time Resolution for simulation is 1ps
Compiling package std.standard
Compiling package std.textio
Compiling package ieee.std_logic_1164
Compiling package ieee.std_logic_arith
Compiling package ieee.std_logic_unsigned
Compiling architecture behavioral of entity xil_defaultlib.uc [uc_default]
Compiling architecture behavioral of entity xil_defaultlib.id [id_default]
Compiling architecture behavioral of entity xil_defaultlib.ex [ex_default]
Compiling architecture behavioral of entity xil_defaultlib.mem [mem_default]
Compiling architecture behavioral of entity xil_defaultlib.instructionFetch [instructionfetch_default]
Compiling architecture behavioral of entity xil_defaultlib.test_env
Built simulation snapshot test_env_behav
